<?xml version="1.0" encoding="UTF-8"?>
<testsuite xmlns:xsi="http://www.w3.org/2001/XMLSchema-instance" xsi:noNamespaceSchemaLocation="https://maven.apache.org/surefire/maven-surefire-plugin/xsd/surefire-test-report-3.0.xsd" version="3.0" name="com.hrms.runners.APIRunner" time="5.289" tests="5" errors="0" skipped="0" failures="0">
  <properties>
    <property name="java.specification.version" value="14"/>
    <property name="sun.jnu.encoding" value="UTF-8"/>
    <property name="java.class.path" value="/Users/neilamrami/eclipse-workspace/CucumberFrameworkBatch7/target/test-classes:/Users/neilamrami/eclipse-workspace/CucumberFrameworkBatch7/target/classes:/Users/neilamrami/.m2/repository/mysql/mysql-connector-java/8.0.20/mysql-connector-java-8.0.20.jar:/Users/neilamrami/.m2/repository/com/google/protobuf/protobuf-java/3.6.1/protobuf-java-3.6.1.jar:/Users/neilamrami/.m2/repository/io/cucumber/cucumber-junit/5.7.0/cucumber-junit-5.7.0.jar:/Users/neilamrami/.m2/repository/org/apiguardian/apiguardian-api/1.1.0/apiguardian-api-1.1.0.jar:/Users/neilamrami/.m2/repository/io/cucumber/cucumber-core/5.7.0/cucumber-core-5.7.0.jar:/Users/neilamrami/.m2/repository/io/cucumber/cucumber-gherkin/5.7.0/cucumber-gherkin-5.7.0.jar:/Users/neilamrami/.m2/repository/io/cucumber/cucumber-gherkin-vintage/5.7.0/cucumber-gherkin-vintage-5.7.0.jar:/Users/neilamrami/.m2/repository/io/cucumber/tag-expressions/2.0.4/tag-expressions-2.0.4.jar:/Users/neilamrami/.m2/repository/io/cucumber/cucumber-expressions/8.3.1/cucumber-expressions-8.3.1.jar:/Users/neilamrami/.m2/repository/io/cucumber/datatable/3.3.1/datatable-3.3.1.jar:/Users/neilamrami/.m2/repository/io/cucumber/cucumber-plugin/5.7.0/cucumber-plugin-5.7.0.jar:/Users/neilamrami/.m2/repository/io/cucumber/docstring/5.7.0/docstring-5.7.0.jar:/Users/neilamrami/.m2/repository/junit/junit/4.13/junit-4.13.jar:/Users/neilamrami/.m2/repository/org/hamcrest/hamcrest-core/1.3/hamcrest-core-1.3.jar:/Users/neilamrami/.m2/repository/io/cucumber/cucumber-java/5.7.0/cucumber-java-5.7.0.jar:/Users/neilamrami/.m2/repository/io/github/bonigarcia/webdrivermanager/3.8.1/webdrivermanager-3.8.1.jar:/Users/neilamrami/.m2/repository/org/slf4j/slf4j-api/1.7.25/slf4j-api-1.7.25.jar:/Users/neilamrami/.m2/repository/com/google/code/gson/gson/2.8.5/gson-2.8.5.jar:/Users/neilamrami/.m2/repository/org/apache/commons/commons-lang3/3.8.1/commons-lang3-3.8.1.jar:/Users/neilamrami/.m2/repository/org/apache/httpcomponents/httpclient/4.5.6/httpclient-4.5.6.jar:/Users/neilamrami/.m2/repository/org/apache/httpcomponents/httpcore/4.4.10/httpcore-4.4.10.jar:/Users/neilamrami/.m2/repository/commons-logging/commons-logging/1.2/commons-logging-1.2.jar:/Users/neilamrami/.m2/repository/commons-codec/commons-codec/1.10/commons-codec-1.10.jar:/Users/neilamrami/.m2/repository/org/rauschig/jarchivelib/1.0.0/jarchivelib-1.0.0.jar:/Users/neilamrami/.m2/repository/org/jsoup/jsoup/1.11.3/jsoup-1.11.3.jar:/Users/neilamrami/.m2/repository/org/seleniumhq/selenium/selenium-java/3.141.59/selenium-java-3.141.59.jar:/Users/neilamrami/.m2/repository/org/seleniumhq/selenium/selenium-api/3.141.59/selenium-api-3.141.59.jar:/Users/neilamrami/.m2/repository/org/seleniumhq/selenium/selenium-chrome-driver/3.141.59/selenium-chrome-driver-3.141.59.jar:/Users/neilamrami/.m2/repository/org/seleniumhq/selenium/selenium-edge-driver/3.141.59/selenium-edge-driver-3.141.59.jar:/Users/neilamrami/.m2/repository/org/seleniumhq/selenium/selenium-firefox-driver/3.141.59/selenium-firefox-driver-3.141.59.jar:/Users/neilamrami/.m2/repository/org/seleniumhq/selenium/selenium-ie-driver/3.141.59/selenium-ie-driver-3.141.59.jar:/Users/neilamrami/.m2/repository/org/seleniumhq/selenium/selenium-opera-driver/3.141.59/selenium-opera-driver-3.141.59.jar:/Users/neilamrami/.m2/repository/org/seleniumhq/selenium/selenium-remote-driver/3.141.59/selenium-remote-driver-3.141.59.jar:/Users/neilamrami/.m2/repository/org/seleniumhq/selenium/selenium-safari-driver/3.141.59/selenium-safari-driver-3.141.59.jar:/Users/neilamrami/.m2/repository/org/seleniumhq/selenium/selenium-support/3.141.59/selenium-support-3.141.59.jar:/Users/neilamrami/.m2/repository/net/bytebuddy/byte-buddy/1.8.15/byte-buddy-1.8.15.jar:/Users/neilamrami/.m2/repository/org/apache/commons/commons-exec/1.3/commons-exec-1.3.jar:/Users/neilamrami/.m2/repository/com/google/guava/guava/25.0-jre/guava-25.0-jre.jar:/Users/neilamrami/.m2/repository/com/google/code/findbugs/jsr305/1.3.9/jsr305-1.3.9.jar:/Users/neilamrami/.m2/repository/org/checkerframework/checker-compat-qual/2.0.0/checker-compat-qual-2.0.0.jar:/Users/neilamrami/.m2/repository/com/google/errorprone/error_prone_annotations/2.1.3/error_prone_annotations-2.1.3.jar:/Users/neilamrami/.m2/repository/com/google/j2objc/j2objc-annotations/1.1/j2objc-annotations-1.1.jar:/Users/neilamrami/.m2/repository/org/codehaus/mojo/animal-sniffer-annotations/1.14/animal-sniffer-annotations-1.14.jar:/Users/neilamrami/.m2/repository/com/squareup/okhttp3/okhttp/3.11.0/okhttp-3.11.0.jar:/Users/neilamrami/.m2/repository/com/squareup/okio/okio/1.14.0/okio-1.14.0.jar:/Users/neilamrami/.m2/repository/commons-io/commons-io/2.7/commons-io-2.7.jar:/Users/neilamrami/.m2/repository/org/apache/poi/poi-ooxml/4.1.2/poi-ooxml-4.1.2.jar:/Users/neilamrami/.m2/repository/org/apache/poi/poi/4.1.2/poi-4.1.2.jar:/Users/neilamrami/.m2/repository/org/apache/commons/commons-collections4/4.4/commons-collections4-4.4.jar:/Users/neilamrami/.m2/repository/org/apache/commons/commons-math3/3.6.1/commons-math3-3.6.1.jar:/Users/neilamrami/.m2/repository/com/zaxxer/SparseBitSet/1.2/SparseBitSet-1.2.jar:/Users/neilamrami/.m2/repository/org/apache/poi/poi-ooxml-schemas/4.1.2/poi-ooxml-schemas-4.1.2.jar:/Users/neilamrami/.m2/repository/org/apache/xmlbeans/xmlbeans/3.1.0/xmlbeans-3.1.0.jar:/Users/neilamrami/.m2/repository/org/apache/commons/commons-compress/1.19/commons-compress-1.19.jar:/Users/neilamrami/.m2/repository/com/github/virtuald/curvesapi/1.06/curvesapi-1.06.jar:/Users/neilamrami/.m2/repository/io/rest-assured/rest-assured/4.3.1/rest-assured-4.3.1.jar:/Users/neilamrami/.m2/repository/org/codehaus/groovy/groovy/3.0.3/groovy-3.0.3.jar:/Users/neilamrami/.m2/repository/org/codehaus/groovy/groovy-xml/3.0.3/groovy-xml-3.0.3.jar:/Users/neilamrami/.m2/repository/org/apache/httpcomponents/httpmime/4.5.3/httpmime-4.5.3.jar:/Users/neilamrami/.m2/repository/org/hamcrest/hamcrest/2.1/hamcrest-2.1.jar:/Users/neilamrami/.m2/repository/org/ccil/cowan/tagsoup/tagsoup/1.2.1/tagsoup-1.2.1.jar:/Users/neilamrami/.m2/repository/io/rest-assured/json-path/4.3.1/json-path-4.3.1.jar:/Users/neilamrami/.m2/repository/org/codehaus/groovy/groovy-json/3.0.3/groovy-json-3.0.3.jar:/Users/neilamrami/.m2/repository/io/rest-assured/rest-assured-common/4.3.1/rest-assured-common-4.3.1.jar:/Users/neilamrami/.m2/repository/io/rest-assured/xml-path/4.3.1/xml-path-4.3.1.jar:/Users/neilamrami/.m2/repository/jakarta/xml/bind/jakarta.xml.bind-api/2.3.3/jakarta.xml.bind-api-2.3.3.jar:/Users/neilamrami/.m2/repository/jakarta/activation/jakarta.activation-api/1.2.2/jakarta.activation-api-1.2.2.jar:/Users/neilamrami/.m2/repository/com/sun/xml/bind/jaxb-impl/2.3.3/jaxb-impl-2.3.3.jar:/Users/neilamrami/.m2/repository/org/json/json/20160810/json-20160810.jar:"/>
    <property name="java.vm.vendor" value="Oracle Corporation"/>
    <property name="sun.arch.data.model" value="64"/>
    <property name="java.vendor.url" value="https://java.oracle.com/"/>
    <property name="os.name" value="Mac OS X"/>
    <property name="java.vm.specification.version" value="14"/>
    <property name="sun.java.launcher" value="SUN_STANDARD"/>
    <property name="user.country" value="US"/>
    <property name="sun.boot.library.path" value="/Users/neilamrami/.p2/pool/plugins/org.eclipse.justj.openjdk.hotspot.jre.full.macosx.x86_64_14.0.2.v20200815-0932/jre/lib"/>
    <property name="sun.java.command" value="/Users/neilamrami/eclipse-workspace/CucumberFrameworkBatch7/target/surefire/surefirebooter13317676625308740956.jar /Users/neilamrami/eclipse-workspace/CucumberFrameworkBatch7/target/surefire 2020-10-31T10-49-58_543-jvmRun1 surefire13228505442766274971tmp surefire_09942967244771265215tmp"/>
    <property name="http.nonProxyHosts" value="local|*.local|169.254/16|*.169.254/16"/>
    <property name="jdk.debug" value="release"/>
    <property name="surefire.test.class.path" value="/Users/neilamrami/eclipse-workspace/CucumberFrameworkBatch7/target/test-classes:/Users/neilamrami/eclipse-workspace/CucumberFrameworkBatch7/target/classes:/Users/neilamrami/.m2/repository/mysql/mysql-connector-java/8.0.20/mysql-connector-java-8.0.20.jar:/Users/neilamrami/.m2/repository/com/google/protobuf/protobuf-java/3.6.1/protobuf-java-3.6.1.jar:/Users/neilamrami/.m2/repository/io/cucumber/cucumber-junit/5.7.0/cucumber-junit-5.7.0.jar:/Users/neilamrami/.m2/repository/org/apiguardian/apiguardian-api/1.1.0/apiguardian-api-1.1.0.jar:/Users/neilamrami/.m2/repository/io/cucumber/cucumber-core/5.7.0/cucumber-core-5.7.0.jar:/Users/neilamrami/.m2/repository/io/cucumber/cucumber-gherkin/5.7.0/cucumber-gherkin-5.7.0.jar:/Users/neilamrami/.m2/repository/io/cucumber/cucumber-gherkin-vintage/5.7.0/cucumber-gherkin-vintage-5.7.0.jar:/Users/neilamrami/.m2/repository/io/cucumber/tag-expressions/2.0.4/tag-expressions-2.0.4.jar:/Users/neilamrami/.m2/repository/io/cucumber/cucumber-expressions/8.3.1/cucumber-expressions-8.3.1.jar:/Users/neilamrami/.m2/repository/io/cucumber/datatable/3.3.1/datatable-3.3.1.jar:/Users/neilamrami/.m2/repository/io/cucumber/cucumber-plugin/5.7.0/cucumber-plugin-5.7.0.jar:/Users/neilamrami/.m2/repository/io/cucumber/docstring/5.7.0/docstring-5.7.0.jar:/Users/neilamrami/.m2/repository/junit/junit/4.13/junit-4.13.jar:/Users/neilamrami/.m2/repository/org/hamcrest/hamcrest-core/1.3/hamcrest-core-1.3.jar:/Users/neilamrami/.m2/repository/io/cucumber/cucumber-java/5.7.0/cucumber-java-5.7.0.jar:/Users/neilamrami/.m2/repository/io/github/bonigarcia/webdrivermanager/3.8.1/webdrivermanager-3.8.1.jar:/Users/neilamrami/.m2/repository/org/slf4j/slf4j-api/1.7.25/slf4j-api-1.7.25.jar:/Users/neilamrami/.m2/repository/com/google/code/gson/gson/2.8.5/gson-2.8.5.jar:/Users/neilamrami/.m2/repository/org/apache/commons/commons-lang3/3.8.1/commons-lang3-3.8.1.jar:/Users/neilamrami/.m2/repository/org/apache/httpcomponents/httpclient/4.5.6/httpclient-4.5.6.jar:/Users/neilamrami/.m2/repository/org/apache/httpcomponents/httpcore/4.4.10/httpcore-4.4.10.jar:/Users/neilamrami/.m2/repository/commons-logging/commons-logging/1.2/commons-logging-1.2.jar:/Users/neilamrami/.m2/repository/commons-codec/commons-codec/1.10/commons-codec-1.10.jar:/Users/neilamrami/.m2/repository/org/rauschig/jarchivelib/1.0.0/jarchivelib-1.0.0.jar:/Users/neilamrami/.m2/repository/org/jsoup/jsoup/1.11.3/jsoup-1.11.3.jar:/Users/neilamrami/.m2/repository/org/seleniumhq/selenium/selenium-java/3.141.59/selenium-java-3.141.59.jar:/Users/neilamrami/.m2/repository/org/seleniumhq/selenium/selenium-api/3.141.59/selenium-api-3.141.59.jar:/Users/neilamrami/.m2/repository/org/seleniumhq/selenium/selenium-chrome-driver/3.141.59/selenium-chrome-driver-3.141.59.jar:/Users/neilamrami/.m2/repository/org/seleniumhq/selenium/selenium-edge-driver/3.141.59/selenium-edge-driver-3.141.59.jar:/Users/neilamrami/.m2/repository/org/seleniumhq/selenium/selenium-firefox-driver/3.141.59/selenium-firefox-driver-3.141.59.jar:/Users/neilamrami/.m2/repository/org/seleniumhq/selenium/selenium-ie-driver/3.141.59/selenium-ie-driver-3.141.59.jar:/Users/neilamrami/.m2/repository/org/seleniumhq/selenium/selenium-opera-driver/3.141.59/selenium-opera-driver-3.141.59.jar:/Users/neilamrami/.m2/repository/org/seleniumhq/selenium/selenium-remote-driver/3.141.59/selenium-remote-driver-3.141.59.jar:/Users/neilamrami/.m2/repository/org/seleniumhq/selenium/selenium-safari-driver/3.141.59/selenium-safari-driver-3.141.59.jar:/Users/neilamrami/.m2/repository/org/seleniumhq/selenium/selenium-support/3.141.59/selenium-support-3.141.59.jar:/Users/neilamrami/.m2/repository/net/bytebuddy/byte-buddy/1.8.15/byte-buddy-1.8.15.jar:/Users/neilamrami/.m2/repository/org/apache/commons/commons-exec/1.3/commons-exec-1.3.jar:/Users/neilamrami/.m2/repository/com/google/guava/guava/25.0-jre/guava-25.0-jre.jar:/Users/neilamrami/.m2/repository/com/google/code/findbugs/jsr305/1.3.9/jsr305-1.3.9.jar:/Users/neilamrami/.m2/repository/org/checkerframework/checker-compat-qual/2.0.0/checker-compat-qual-2.0.0.jar:/Users/neilamrami/.m2/repository/com/google/errorprone/error_prone_annotations/2.1.3/error_prone_annotations-2.1.3.jar:/Users/neilamrami/.m2/repository/com/google/j2objc/j2objc-annotations/1.1/j2objc-annotations-1.1.jar:/Users/neilamrami/.m2/repository/org/codehaus/mojo/animal-sniffer-annotations/1.14/animal-sniffer-annotations-1.14.jar:/Users/neilamrami/.m2/repository/com/squareup/okhttp3/okhttp/3.11.0/okhttp-3.11.0.jar:/Users/neilamrami/.m2/repository/com/squareup/okio/okio/1.14.0/okio-1.14.0.jar:/Users/neilamrami/.m2/repository/commons-io/commons-io/2.7/commons-io-2.7.jar:/Users/neilamrami/.m2/repository/org/apache/poi/poi-ooxml/4.1.2/poi-ooxml-4.1.2.jar:/Users/neilamrami/.m2/repository/org/apache/poi/poi/4.1.2/poi-4.1.2.jar:/Users/neilamrami/.m2/repository/org/apache/commons/commons-collections4/4.4/commons-collections4-4.4.jar:/Users/neilamrami/.m2/repository/org/apache/commons/commons-math3/3.6.1/commons-math3-3.6.1.jar:/Users/neilamrami/.m2/repository/com/zaxxer/SparseBitSet/1.2/SparseBitSet-1.2.jar:/Users/neilamrami/.m2/repository/org/apache/poi/poi-ooxml-schemas/4.1.2/poi-ooxml-schemas-4.1.2.jar:/Users/neilamrami/.m2/repository/org/apache/xmlbeans/xmlbeans/3.1.0/xmlbeans-3.1.0.jar:/Users/neilamrami/.m2/repository/org/apache/commons/commons-compress/1.19/commons-compress-1.19.jar:/Users/neilamrami/.m2/repository/com/github/virtuald/curvesapi/1.06/curvesapi-1.06.jar:/Users/neilamrami/.m2/repository/io/rest-assured/rest-assured/4.3.1/rest-assured-4.3.1.jar:/Users/neilamrami/.m2/repository/org/codehaus/groovy/groovy/3.0.3/groovy-3.0.3.jar:/Users/neilamrami/.m2/repository/org/codehaus/groovy/groovy-xml/3.0.3/groovy-xml-3.0.3.jar:/Users/neilamrami/.m2/repository/org/apache/httpcomponents/httpmime/4.5.3/httpmime-4.5.3.jar:/Users/neilamrami/.m2/repository/org/hamcrest/hamcrest/2.1/hamcrest-2.1.jar:/Users/neilamrami/.m2/repository/org/ccil/cowan/tagsoup/tagsoup/1.2.1/tagsoup-1.2.1.jar:/Users/neilamrami/.m2/repository/io/rest-assured/json-path/4.3.1/json-path-4.3.1.jar:/Users/neilamrami/.m2/repository/org/codehaus/groovy/groovy-json/3.0.3/groovy-json-3.0.3.jar:/Users/neilamrami/.m2/repository/io/rest-assured/rest-assured-common/4.3.1/rest-assured-common-4.3.1.jar:/Users/neilamrami/.m2/repository/io/rest-assured/xml-path/4.3.1/xml-path-4.3.1.jar:/Users/neilamrami/.m2/repository/jakarta/xml/bind/jakarta.xml.bind-api/2.3.3/jakarta.xml.bind-api-2.3.3.jar:/Users/neilamrami/.m2/repository/jakarta/activation/jakarta.activation-api/1.2.2/jakarta.activation-api-1.2.2.jar:/Users/neilamrami/.m2/repository/com/sun/xml/bind/jaxb-impl/2.3.3/jaxb-impl-2.3.3.jar:/Users/neilamrami/.m2/repository/org/json/json/20160810/json-20160810.jar:"/>
    <property name="sun.cpu.endian" value="little"/>
    <property name="user.home" value="/Users/neilamrami"/>
    <property name="user.language" value="en"/>
    <property name="java.specification.vendor" value="Oracle Corporation"/>
    <property name="java.version.date" value="2020-07-14"/>
    <property name="java.home" value="/Users/neilamrami/.p2/pool/plugins/org.eclipse.justj.openjdk.hotspot.jre.full.macosx.x86_64_14.0.2.v20200815-0932/jre"/>
    <property name="file.separator" value="/"/>
    <property name="basedir" value="/Users/neilamrami/eclipse-workspace/CucumberFrameworkBatch7"/>
    <property name="java.vm.compressedOopsMode" value="Zero based"/>
    <property name="line.separator" value="&#10;"/>
    <property name="java.specification.name" value="Java Platform API Specification"/>
    <property name="java.vm.specification.vendor" value="Oracle Corporation"/>
    <property name="surefire.real.class.path" value="/Users/neilamrami/eclipse-workspace/CucumberFrameworkBatch7/target/surefire/surefirebooter13317676625308740956.jar"/>
    <property name="sun.management.compiler" value="HotSpot 64-Bit Tiered Compilers"/>
    <property name="ftp.nonProxyHosts" value="local|*.local|169.254/16|*.169.254/16"/>
    <property name="java.runtime.version" value="14.0.2+12-46"/>
    <property name="user.name" value="neilamrami"/>
    <property name="path.separator" value=":"/>
    <property name="os.version" value="10.15.2"/>
    <property name="java.runtime.name" value="OpenJDK Runtime Environment"/>
    <property name="file.encoding" value="UTF-8"/>
    <property name="java.vm.name" value="OpenJDK 64-Bit Server VM"/>
    <property name="localRepository" value="/Users/neilamrami/.m2/repository"/>
    <property name="java.vendor.url.bug" value="https://bugreport.java.com/bugreport/"/>
    <property name="java.io.tmpdir" value="/var/folders/th/yzw6gkv95z13n01x_9zyfpym0000gn/T/"/>
    <property name="java.version" value="14.0.2"/>
    <property name="user.dir" value="/Users/neilamrami/eclipse-workspace/CucumberFrameworkBatch7"/>
    <property name="os.arch" value="x86_64"/>
    <property name="java.vm.specification.name" value="Java Virtual Machine Specification"/>
    <property name="java.library.path" value="/Users/neilamrami/Library/Java/Extensions:/Library/Java/Extensions:/Network/Library/Java/Extensions:/System/Library/Java/Extensions:/usr/lib/java:."/>
    <property name="java.vm.info" value="mixed mode"/>
    <property name="java.vendor" value="Oracle Corporation"/>
    <property name="java.vm.version" value="14.0.2+12-46"/>
    <property name="sun.io.unicode.encoding" value="UnicodeBig"/>
    <property name="socksNonProxyHosts" value="local|*.local|169.254/16|*.169.254/16"/>
    <property name="java.class.version" value="58.0"/>
  </properties>
  <testcase name="Creating an employee" classname="Syntax HRMS API Workflow" time="2.991">
    <system-out><![CDATA[
@CreateEmployees
Scenario: Creating an employee                                                                           # src/test/resources/features/APIWorkflow.feature:11
{
    "token": "eyJ0eXAiOiJKV1QiLCJhbGciOiJIUzI1NiJ9.eyJpYXQiOjE2MDQxNjY1OTgsImlzcyI6ImxvY2FsaG9zdCIsImV4cCI6MTYwNDIwOTc5OCwidXNlcklkIjoiMTI2MyJ9.gXB1B9uJd5OqLTQRHl2rPrHqjAL_ocHm2WWiqv0JwY0"
}
  Given a JWT is generated                                                                               # com.hrms.API.Final.steps.GenerateTokenSteps.a_JWT_is_generated()
  Given A request is prepared to create an employee                                                      # com.hrms.API.Final.steps.APIFinalSteps.a_request_is_prepared_to_create_an_employee()
  When A POST call is made to create an employee                                                         # com.hrms.API.Final.steps.APIFinalSteps.a_POST_call_is_made_to_create_an_employee()
  Then The status code for creating an employee is 201                                                   # com.hrms.API.Final.steps.APIFinalSteps.the_status_code_for_creating_an_employee_is(int)
  And The employee is created contains key "Message" and value "Entry Created"                           # com.hrms.API.Final.steps.APIFinalSteps.the_employee_is_created_contains_key_and_value(java.lang.String,java.lang.String)
  And The employee ID "Employee[0].employee_id"is stored as a global variable to be used for other calls # com.hrms.API.Final.steps.APIFinalSteps.the_employee_ID_is_stored_as_a_global_variable_to_be_used_for_other_calls(java.lang.String)
]]></system-out>
    <system-err><![CDATA[Oct 31, 2020 10:49:59 AM io.cucumber.junit.Cucumber <init>
WARNING: By default Cucumber is running in --non-strict mode.
This default will change to --strict and --non-strict will be removed.
You can use --strict or @CucumberOptions(strict = true) to suppress this warning
]]></system-err>
  </testcase>
  <testcase name="Retrieving created employee" classname="Syntax HRMS API Workflow" time="0.532">
    <system-out><![CDATA[
@CreateEmployees
Scenario: Retrieving created employee                                                                                         # src/test/resources/features/APIWorkflow.feature:20
{
    "token": "eyJ0eXAiOiJKV1QiLCJhbGciOiJIUzI1NiJ9.eyJpYXQiOjE2MDQxNjY2MDAsImlzcyI6ImxvY2FsaG9zdCIsImV4cCI6MTYwNDIwOTgwMCwidXNlcklkIjoiMTI2MyJ9.YsjOY57CpWscULcn8aFOQMrtk21I8hUUijEAD888iTw"
}
  Given a JWT is generated                                                                                                    # com.hrms.API.Final.steps.GenerateTokenSteps.a_JWT_is_generated()
  Given a request is prepared to retrieve the created employee                                                                # com.hrms.API.Final.steps.APIFinalSteps.a_request_is_prepared_to_retrieve_the_created_employee()
  When a GET call is made to retrieve the created employee                                                                    # com.hrms.API.Final.steps.APIFinalSteps.a_GET_call_is_made_to_retrieve_the_created_employee()
  Then the status code retrieving the created employee is 200                                                                 # com.hrms.API.Final.steps.APIFinalSteps.the_status_code_retrieving_the_created_employee_is(int)
  And the retrieved employee ID "employee[0].employee_id" matches the globally stored employee ID                             # com.hrms.API.Final.steps.APIFinalSteps.the_retrieved_employee_ID_matches_the_globally_stored_employee_ID(java.lang.String)
  And the retrieved data at "employee" matches the data used to create an employee with employee ID "employee[0].employee_id" # com.hrms.API.Final.steps.APIFinalSteps.the_retrieved_data_at_matches_the_data_used_to_create_an_employee_with_employee_ID(java.lang.String,java.lang.String,io.cucumber.datatable.DataTable)
]]></system-out>
  </testcase>
  <testcase name="Creating employees" classname="Creating Employees" time="0.444">
    <system-out><![CDATA[
@CreateEmployees
Scenario Outline: Creating employees                                                               # src/test/resources/features/createEmployees.feature:16
{
    "token": "eyJ0eXAiOiJKV1QiLCJhbGciOiJIUzI1NiJ9.eyJpYXQiOjE2MDQxNjY2MDEsImlzcyI6ImxvY2FsaG9zdCIsImV4cCI6MTYwNDIwOTgwMSwidXNlcklkIjoiMTI2MyJ9.7Yzq5_XKfTn4fqkIUJ99kFRKfF2Ri7nPRZVADds5jrA"
}
  Given a JWT is generated                                                                         # com.hrms.API.Final.steps.GenerateTokenSteps.a_JWT_is_generated()
  Given a request is prepared to create employees                                                  # com.hrms.API.Final.steps.CreateEmployees.a_request_is_prepared_to_create_employees()
  When employee data provided is "Bob", "Bob", "Bob","M","2000-07-11","Employee","Cloud Architect" # com.hrms.API.Final.steps.CreateEmployees.employee_data_provided_is(java.lang.String,java.lang.String,java.lang.String,java.lang.String,java.lang.String,java.lang.String,java.lang.String)
{
    "Message": "Entry Created",
    "Employee": [
        {
            "employee_id": "29985A",
            "emp_firstname": "Bob",
            "emp_middle_name": "Bob",
            "emp_lastname": "Bob",
            "emp_birthday": "2000-07-11",
            "emp_gender": "Male",
            "emp_job_title": "Cloud Architect",
            "emp_status": "Employee"
        }
    ]
}
  Then employees are created                                                                       # com.hrms.API.Final.steps.CreateEmployees.employees_are_created()
]]></system-out>
  </testcase>
  <testcase name="Creating employees" classname="Creating Employees" time="0.378">
    <system-out><![CDATA[
@CreateEmployees
Scenario Outline: Creating employees                                                                              # src/test/resources/features/createEmployees.feature:17
{
    "token": "eyJ0eXAiOiJKV1QiLCJhbGciOiJIUzI1NiJ9.eyJpYXQiOjE2MDQxNjY2MDEsImlzcyI6ImxvY2FsaG9zdCIsImV4cCI6MTYwNDIwOTgwMSwidXNlcklkIjoiMTI2MyJ9.7Yzq5_XKfTn4fqkIUJ99kFRKfF2Ri7nPRZVADds5jrA"
}
  Given a JWT is generated                                                                                        # com.hrms.API.Final.steps.GenerateTokenSteps.a_JWT_is_generated()
  Given a request is prepared to create employees                                                                 # com.hrms.API.Final.steps.CreateEmployees.a_request_is_prepared_to_create_employees()
  When employee data provided is "Gozde", "Gozde", "Gozde","F","2000-07-11","Independent contractor","API Tester" # com.hrms.API.Final.steps.CreateEmployees.employee_data_provided_is(java.lang.String,java.lang.String,java.lang.String,java.lang.String,java.lang.String,java.lang.String,java.lang.String)
{
    "Message": "Entry Created",
    "Employee": [
        {
            "employee_id": "29986A",
            "emp_firstname": "Gozde",
            "emp_middle_name": "Gozde",
            "emp_lastname": "Gozde",
            "emp_birthday": "2000-07-11",
            "emp_gender": "Female",
            "emp_job_title": "API Tester",
            "emp_status": "Independent contractor"
        }
    ]
}
  Then employees are created                                                                                      # com.hrms.API.Final.steps.CreateEmployees.employees_are_created()
]]></system-out>
  </testcase>
  <testcase name="Creating employees" classname="Creating Employees" time="0.4">
    <system-out><![CDATA[
@CreateEmployees
Scenario Outline: Creating employees                                                              # src/test/resources/features/createEmployees.feature:18
{
    "token": "eyJ0eXAiOiJKV1QiLCJhbGciOiJIUzI1NiJ9.eyJpYXQiOjE2MDQxNjY2MDEsImlzcyI6ImxvY2FsaG9zdCIsImV4cCI6MTYwNDIwOTgwMSwidXNlcklkIjoiMTI2MyJ9.7Yzq5_XKfTn4fqkIUJ99kFRKfF2Ri7nPRZVADds5jrA"
}
  Given a JWT is generated                                                                        # com.hrms.API.Final.steps.GenerateTokenSteps.a_JWT_is_generated()
  Given a request is prepared to create employees                                                 # com.hrms.API.Final.steps.CreateEmployees.a_request_is_prepared_to_create_employees()
  When employee data provided is "Irma", "Irma", "Irma","F","2000-07-11","Super Contractor","CEO" # com.hrms.API.Final.steps.CreateEmployees.employee_data_provided_is(java.lang.String,java.lang.String,java.lang.String,java.lang.String,java.lang.String,java.lang.String,java.lang.String)
{
    "Message": "Entry Created",
    "Employee": [
        {
            "employee_id": "29987A",
            "emp_firstname": "Irma",
            "emp_middle_name": "Irma",
            "emp_lastname": "Irma",
            "emp_birthday": "2000-07-11",
            "emp_gender": "Female",
            "emp_job_title": "CEO",
            "emp_status": "Super Contractor"
        }
    ]
}
  Then employees are created                                                                      # com.hrms.API.Final.steps.CreateEmployees.employees_are_created()
]]></system-out>
  </testcase>
</testsuite>